{"/Users/nana/Desktop/y2/soft_dev/codebase/pms/src/Admin.ts": {"path":"/Users/nana/Desktop/y2/soft_dev/codebase/pms/src/Admin.ts","statementMap":{"0":{"start":{"line":17,"column":4},"end":{"line":17,"column":15}},"1":{"start":{"line":18,"column":4},"end":{"line":18,"column":21}},"2":{"start":{"line":19,"column":4},"end":{"line":19,"column":29}},"3":{"start":{"line":20,"column":4},"end":{"line":20,"column":28}},"4":{"start":{"line":24,"column":4},"end":{"line":24,"column":34}},"5":{"start":{"line":25,"column":4},"end":{"line":25,"column":37}},"6":{"start":{"line":26,"column":4},"end":{"line":26,"column":46}},"7":{"start":{"line":27,"column":4},"end":{"line":27,"column":48}},"8":{"start":{"line":31,"column":4},"end":{"line":31,"column":30}},"9":{"start":{"line":35,"column":4},"end":{"line":39,"column":7}},"10":{"start":{"line":36,"column":6},"end":{"line":38,"column":41}},"11":{"start":{"line":37,"column":25},"end":{"line":37,"column":79}},"12":{"start":{"line":38,"column":26},"end":{"line":38,"column":39}},"13":{"start":{"line":43,"column":4},"end":{"line":43,"column":39}}},"fnMap":{"0":{"name":"(anonymous_0)","decl":{"start":{"line":16,"column":2},"end":{"line":16,"column":3}},"loc":{"start":{"line":16,"column":66},"end":{"line":21,"column":3}},"line":16},"1":{"name":"(anonymous_1)","decl":{"start":{"line":23,"column":2},"end":{"line":23,"column":3}},"loc":{"start":{"line":23,"column":63},"end":{"line":28,"column":3}},"line":23},"2":{"name":"(anonymous_2)","decl":{"start":{"line":30,"column":2},"end":{"line":30,"column":3}},"loc":{"start":{"line":30,"column":13},"end":{"line":32,"column":3}},"line":30},"3":{"name":"(anonymous_3)","decl":{"start":{"line":34,"column":2},"end":{"line":34,"column":3}},"loc":{"start":{"line":34,"column":10},"end":{"line":40,"column":3}},"line":34},"4":{"name":"(anonymous_4)","decl":{"start":{"line":35,"column":23},"end":{"line":35,"column":24}},"loc":{"start":{"line":35,"column":44},"end":{"line":39,"column":5}},"line":35},"5":{"name":"(anonymous_5)","decl":{"start":{"line":37,"column":14},"end":{"line":37,"column":15}},"loc":{"start":{"line":37,"column":25},"end":{"line":37,"column":79}},"line":37},"6":{"name":"(anonymous_6)","decl":{"start":{"line":38,"column":15},"end":{"line":38,"column":16}},"loc":{"start":{"line":38,"column":26},"end":{"line":38,"column":39}},"line":38},"7":{"name":"(anonymous_7)","decl":{"start":{"line":42,"column":2},"end":{"line":42,"column":3}},"loc":{"start":{"line":42,"column":11},"end":{"line":44,"column":3}},"line":42}},"branchMap":{"0":{"loc":{"start":{"line":16,"column":14},"end":{"line":16,"column":64}},"type":"default-arg","locations":[{"start":{"line":16,"column":62},"end":{"line":16,"column":64}}],"line":16},"1":{"loc":{"start":{"line":23,"column":9},"end":{"line":23,"column":61}},"type":"default-arg","locations":[{"start":{"line":23,"column":59},"end":{"line":23,"column":61}}],"line":23},"2":{"loc":{"start":{"line":24,"column":16},"end":{"line":24,"column":33}},"type":"binary-expr","locations":[{"start":{"line":24,"column":16},"end":{"line":24,"column":20}},{"start":{"line":24,"column":24},"end":{"line":24,"column":33}}],"line":24},"3":{"loc":{"start":{"line":25,"column":17},"end":{"line":25,"column":36}},"type":"binary-expr","locations":[{"start":{"line":25,"column":17},"end":{"line":25,"column":22}},{"start":{"line":25,"column":26},"end":{"line":25,"column":36}}],"line":25},"4":{"loc":{"start":{"line":26,"column":20},"end":{"line":26,"column":45}},"type":"binary-expr","locations":[{"start":{"line":26,"column":20},"end":{"line":26,"column":28}},{"start":{"line":26,"column":32},"end":{"line":26,"column":45}}],"line":26}},"s":{"0":6,"1":6,"2":6,"3":6,"4":0,"5":0,"6":0,"7":0,"8":0,"9":0,"10":0,"11":0,"12":0,"13":0},"f":{"0":6,"1":0,"2":0,"3":0,"4":0,"5":0,"6":0,"7":0},"b":{"0":[2],"1":[0],"2":[0,0],"3":[0,0],"4":[0,0]},"_coverageSchema":"1a1c01bbd47fc00a2c39e90264f33305004495a9","hash":"8a95aae3629eee06ffa8e3e7a1090a78c7ce82bb"}
,"/Users/nana/Desktop/y2/soft_dev/codebase/pms/src/Api.ts": {"path":"/Users/nana/Desktop/y2/soft_dev/codebase/pms/src/Api.ts","statementMap":{"0":{"start":{"line":31,"column":4},"end":{"line":31,"column":58}},"1":{"start":{"line":35,"column":4},"end":{"line":35,"column":78}},"2":{"start":{"line":39,"column":4},"end":{"line":39,"column":69}},"3":{"start":{"line":43,"column":4},"end":{"line":43,"column":39}},"4":{"start":{"line":47,"column":4},"end":{"line":47,"column":43}},"5":{"start":{"line":64,"column":4},"end":{"line":64,"column":58}}},"fnMap":{"0":{"name":"(anonymous_0)","decl":{"start":{"line":30,"column":2},"end":{"line":30,"column":3}},"loc":{"start":{"line":30,"column":38},"end":{"line":32,"column":3}},"line":30},"1":{"name":"(anonymous_1)","decl":{"start":{"line":34,"column":2},"end":{"line":34,"column":3}},"loc":{"start":{"line":34,"column":51},"end":{"line":36,"column":3}},"line":34},"2":{"name":"(anonymous_2)","decl":{"start":{"line":38,"column":2},"end":{"line":38,"column":3}},"loc":{"start":{"line":38,"column":40},"end":{"line":40,"column":3}},"line":38},"3":{"name":"(anonymous_3)","decl":{"start":{"line":42,"column":2},"end":{"line":42,"column":3}},"loc":{"start":{"line":42,"column":35},"end":{"line":44,"column":3}},"line":42},"4":{"name":"(anonymous_4)","decl":{"start":{"line":46,"column":2},"end":{"line":46,"column":3}},"loc":{"start":{"line":46,"column":33},"end":{"line":48,"column":3}},"line":46},"5":{"name":"(anonymous_5)","decl":{"start":{"line":50,"column":2},"end":{"line":50,"column":3}},"loc":{"start":{"line":50,"column":68},"end":{"line":65,"column":3}},"line":50}},"branchMap":{"0":{"loc":{"start":{"line":31,"column":15},"end":{"line":31,"column":57}},"type":"binary-expr","locations":[{"start":{"line":31,"column":15},"end":{"line":31,"column":18}},{"start":{"line":31,"column":22},"end":{"line":31,"column":57}}],"line":31},"1":{"loc":{"start":{"line":46,"column":23},"end":{"line":46,"column":31}},"type":"default-arg","locations":[{"start":{"line":46,"column":29},"end":{"line":46,"column":31}}],"line":46}},"s":{"0":63,"1":0,"2":0,"3":0,"4":1,"5":1},"f":{"0":63,"1":0,"2":0,"3":0,"4":1,"5":1},"b":{"0":[63,56],"1":[0]},"_coverageSchema":"1a1c01bbd47fc00a2c39e90264f33305004495a9","hash":"2bc89cf4cdd33eb66d32f74c4ee92e4dd76d439b"}
,"/Users/nana/Desktop/y2/soft_dev/codebase/pms/src/Collection.ts": {"path":"/Users/nana/Desktop/y2/soft_dev/codebase/pms/src/Collection.ts","statementMap":{"0":{"start":{"line":11,"column":12},"end":{"line":19,"column":1}},"1":{"start":{"line":23,"column":4},"end":{"line":23,"column":12}},"2":{"start":{"line":24,"column":4},"end":{"line":24,"column":23}},"3":{"start":{"line":25,"column":4},"end":{"line":25,"column":36}},"4":{"start":{"line":29,"column":4},"end":{"line":37,"column":7}},"5":{"start":{"line":30,"column":6},"end":{"line":36,"column":41}},"6":{"start":{"line":34,"column":27},"end":{"line":34,"column":60}},"7":{"start":{"line":35,"column":24},"end":{"line":35,"column":43}},"8":{"start":{"line":36,"column":26},"end":{"line":36,"column":39}}},"fnMap":{"0":{"name":"(anonymous_0)","decl":{"start":{"line":22,"column":2},"end":{"line":22,"column":3}},"loc":{"start":{"line":22,"column":41},"end":{"line":26,"column":3}},"line":22},"1":{"name":"(anonymous_1)","decl":{"start":{"line":28,"column":2},"end":{"line":28,"column":3}},"loc":{"start":{"line":28,"column":35},"end":{"line":38,"column":3}},"line":28},"2":{"name":"(anonymous_2)","decl":{"start":{"line":29,"column":28},"end":{"line":29,"column":29}},"loc":{"start":{"line":29,"column":49},"end":{"line":37,"column":5}},"line":29},"3":{"name":"(anonymous_3)","decl":{"start":{"line":34,"column":14},"end":{"line":34,"column":15}},"loc":{"start":{"line":34,"column":27},"end":{"line":34,"column":60}},"line":34},"4":{"name":"(anonymous_4)","decl":{"start":{"line":35,"column":14},"end":{"line":35,"column":15}},"loc":{"start":{"line":35,"column":24},"end":{"line":35,"column":43}},"line":35},"5":{"name":"(anonymous_5)","decl":{"start":{"line":36,"column":15},"end":{"line":36,"column":16}},"loc":{"start":{"line":36,"column":26},"end":{"line":36,"column":39}},"line":36}},"branchMap":{},"s":{"0":1,"1":8,"2":8,"3":8,"4":1,"5":1,"6":0,"7":0,"8":0},"f":{"0":8,"1":1,"2":1,"3":0,"4":0,"5":0},"b":{},"_coverageSchema":"1a1c01bbd47fc00a2c39e90264f33305004495a9","hash":"4fe5d95e2af74465c2fff446597bafa019562864"}
,"/Users/nana/Desktop/y2/soft_dev/codebase/pms/src/Constants.ts": {"path":"/Users/nana/Desktop/y2/soft_dev/codebase/pms/src/Constants.ts","statementMap":{},"fnMap":{},"branchMap":{},"s":{},"f":{},"b":{},"_coverageSchema":"1a1c01bbd47fc00a2c39e90264f33305004495a9","hash":"adc0ac6a2d85b319d9e5192152c4e086f2df582e"}
,"/Users/nana/Desktop/y2/soft_dev/codebase/pms/src/Driver.ts": {"path":"/Users/nana/Desktop/y2/soft_dev/codebase/pms/src/Driver.ts","statementMap":{"0":{"start":{"line":19,"column":4},"end":{"line":19,"column":15}},"1":{"start":{"line":20,"column":4},"end":{"line":20,"column":21}},"2":{"start":{"line":21,"column":4},"end":{"line":21,"column":23}},"3":{"start":{"line":22,"column":4},"end":{"line":22,"column":29}},"4":{"start":{"line":23,"column":4},"end":{"line":23,"column":39}},"5":{"start":{"line":24,"column":4},"end":{"line":24,"column":29}},"6":{"start":{"line":28,"column":4},"end":{"line":28,"column":34}},"7":{"start":{"line":29,"column":4},"end":{"line":29,"column":37}},"8":{"start":{"line":30,"column":4},"end":{"line":30,"column":37}},"9":{"start":{"line":31,"column":4},"end":{"line":31,"column":46}},"10":{"start":{"line":32,"column":4},"end":{"line":32,"column":51}},"11":{"start":{"line":36,"column":4},"end":{"line":36,"column":31}},"12":{"start":{"line":40,"column":4},"end":{"line":40,"column":31}},"13":{"start":{"line":44,"column":4},"end":{"line":44,"column":31}}},"fnMap":{"0":{"name":"(anonymous_0)","decl":{"start":{"line":18,"column":2},"end":{"line":18,"column":3}},"loc":{"start":{"line":18,"column":74},"end":{"line":25,"column":3}},"line":18},"1":{"name":"(anonymous_1)","decl":{"start":{"line":27,"column":2},"end":{"line":27,"column":3}},"loc":{"start":{"line":27,"column":71},"end":{"line":33,"column":3}},"line":27},"2":{"name":"(anonymous_2)","decl":{"start":{"line":35,"column":2},"end":{"line":35,"column":3}},"loc":{"start":{"line":35,"column":13},"end":{"line":37,"column":3}},"line":35},"3":{"name":"(anonymous_3)","decl":{"start":{"line":39,"column":2},"end":{"line":39,"column":3}},"loc":{"start":{"line":39,"column":10},"end":{"line":41,"column":3}},"line":39},"4":{"name":"(anonymous_4)","decl":{"start":{"line":43,"column":2},"end":{"line":43,"column":3}},"loc":{"start":{"line":43,"column":12},"end":{"line":45,"column":3}},"line":43},"5":{"name":"(anonymous_5)","decl":{"start":{"line":47,"column":2},"end":{"line":47,"column":3}},"loc":{"start":{"line":47,"column":11},"end":{"line":47,"column":13}},"line":47}},"branchMap":{"0":{"loc":{"start":{"line":18,"column":14},"end":{"line":18,"column":72}},"type":"default-arg","locations":[{"start":{"line":18,"column":70},"end":{"line":18,"column":72}}],"line":18},"1":{"loc":{"start":{"line":27,"column":9},"end":{"line":27,"column":69}},"type":"default-arg","locations":[{"start":{"line":27,"column":67},"end":{"line":27,"column":69}}],"line":27},"2":{"loc":{"start":{"line":28,"column":16},"end":{"line":28,"column":33}},"type":"binary-expr","locations":[{"start":{"line":28,"column":16},"end":{"line":28,"column":20}},{"start":{"line":28,"column":24},"end":{"line":28,"column":33}}],"line":28},"3":{"loc":{"start":{"line":29,"column":17},"end":{"line":29,"column":36}},"type":"binary-expr","locations":[{"start":{"line":29,"column":17},"end":{"line":29,"column":22}},{"start":{"line":29,"column":26},"end":{"line":29,"column":36}}],"line":29},"4":{"loc":{"start":{"line":30,"column":17},"end":{"line":30,"column":36}},"type":"binary-expr","locations":[{"start":{"line":30,"column":17},"end":{"line":30,"column":22}},{"start":{"line":30,"column":26},"end":{"line":30,"column":36}}],"line":30},"5":{"loc":{"start":{"line":31,"column":20},"end":{"line":31,"column":45}},"type":"binary-expr","locations":[{"start":{"line":31,"column":20},"end":{"line":31,"column":28}},{"start":{"line":31,"column":32},"end":{"line":31,"column":45}}],"line":31}},"s":{"0":7,"1":7,"2":7,"3":7,"4":7,"5":7,"6":0,"7":0,"8":0,"9":0,"10":0,"11":0,"12":0,"13":0},"f":{"0":7,"1":0,"2":0,"3":0,"4":0,"5":0},"b":{"0":[2],"1":[0],"2":[0,0],"3":[0,0],"4":[0,0],"5":[0,0]},"_coverageSchema":"1a1c01bbd47fc00a2c39e90264f33305004495a9","hash":"5d0398d8e29125d92c8f93237e9e62e588976637"}
,"/Users/nana/Desktop/y2/soft_dev/codebase/pms/src/Lot.ts": {"path":"/Users/nana/Desktop/y2/soft_dev/codebase/pms/src/Lot.ts","statementMap":{"0":{"start":{"line":24,"column":4},"end":{"line":24,"column":15}},"1":{"start":{"line":25,"column":4},"end":{"line":25,"column":21}},"2":{"start":{"line":26,"column":4},"end":{"line":26,"column":33}},"3":{"start":{"line":27,"column":4},"end":{"line":27,"column":36}},"4":{"start":{"line":28,"column":4},"end":{"line":28,"column":26}},"5":{"start":{"line":29,"column":4},"end":{"line":29,"column":47}},"6":{"start":{"line":33,"column":4},"end":{"line":33,"column":37}},"7":{"start":{"line":34,"column":4},"end":{"line":34,"column":34}},"8":{"start":{"line":35,"column":4},"end":{"line":35,"column":52}},"9":{"start":{"line":36,"column":4},"end":{"line":36,"column":46}},"10":{"start":{"line":40,"column":4},"end":{"line":40,"column":28}},"11":{"start":{"line":44,"column":4},"end":{"line":44,"column":29}},"12":{"start":{"line":48,"column":4},"end":{"line":48,"column":56}},"13":{"start":{"line":48,"column":39},"end":{"line":48,"column":51}},"14":{"start":{"line":52,"column":4},"end":{"line":57,"column":5}},"15":{"start":{"line":53,"column":6},"end":{"line":56,"column":7}},"16":{"start":{"line":54,"column":8},"end":{"line":54,"column":41}},"17":{"start":{"line":55,"column":8},"end":{"line":55,"column":14}},"18":{"start":{"line":58,"column":4},"end":{"line":58,"column":25}},"19":{"start":{"line":62,"column":4},"end":{"line":67,"column":5}},"20":{"start":{"line":63,"column":6},"end":{"line":66,"column":7}},"21":{"start":{"line":64,"column":8},"end":{"line":64,"column":43}},"22":{"start":{"line":65,"column":8},"end":{"line":65,"column":14}},"23":{"start":{"line":68,"column":4},"end":{"line":68,"column":25}},"24":{"start":{"line":72,"column":4},"end":{"line":77,"column":5}},"25":{"start":{"line":73,"column":6},"end":{"line":76,"column":7}},"26":{"start":{"line":74,"column":8},"end":{"line":74,"column":43}},"27":{"start":{"line":75,"column":8},"end":{"line":75,"column":14}},"28":{"start":{"line":78,"column":4},"end":{"line":78,"column":25}},"29":{"start":{"line":84,"column":4},"end":{"line":89,"column":5}},"30":{"start":{"line":85,"column":6},"end":{"line":88,"column":7}},"31":{"start":{"line":86,"column":8},"end":{"line":86,"column":43}},"32":{"start":{"line":87,"column":8},"end":{"line":87,"column":14}},"33":{"start":{"line":90,"column":4},"end":{"line":90,"column":25}},"34":{"start":{"line":94,"column":29},"end":{"line":94,"column":31}},"35":{"start":{"line":95,"column":4},"end":{"line":101,"column":5}},"36":{"start":{"line":95,"column":17},"end":{"line":95,"column":18}},"37":{"start":{"line":96,"column":6},"end":{"line":100,"column":9}},"38":{"start":{"line":102,"column":4},"end":{"line":102,"column":16}}},"fnMap":{"0":{"name":"(anonymous_0)","decl":{"start":{"line":23,"column":2},"end":{"line":23,"column":3}},"loc":{"start":{"line":23,"column":76},"end":{"line":30,"column":3}},"line":23},"1":{"name":"(anonymous_1)","decl":{"start":{"line":32,"column":2},"end":{"line":32,"column":3}},"loc":{"start":{"line":32,"column":63},"end":{"line":37,"column":3}},"line":32},"2":{"name":"(anonymous_2)","decl":{"start":{"line":39,"column":2},"end":{"line":39,"column":3}},"loc":{"start":{"line":39,"column":13},"end":{"line":41,"column":3}},"line":39},"3":{"name":"(anonymous_3)","decl":{"start":{"line":43,"column":2},"end":{"line":43,"column":3}},"loc":{"start":{"line":43,"column":16},"end":{"line":45,"column":3}},"line":43},"4":{"name":"(anonymous_4)","decl":{"start":{"line":47,"column":2},"end":{"line":47,"column":3}},"loc":{"start":{"line":47,"column":19},"end":{"line":49,"column":3}},"line":47},"5":{"name":"(anonymous_5)","decl":{"start":{"line":48,"column":29},"end":{"line":48,"column":30}},"loc":{"start":{"line":48,"column":39},"end":{"line":48,"column":51}},"line":48},"6":{"name":"(anonymous_6)","decl":{"start":{"line":51,"column":2},"end":{"line":51,"column":3}},"loc":{"start":{"line":51,"column":20},"end":{"line":59,"column":3}},"line":51},"7":{"name":"(anonymous_7)","decl":{"start":{"line":61,"column":2},"end":{"line":61,"column":3}},"loc":{"start":{"line":61,"column":23},"end":{"line":69,"column":3}},"line":61},"8":{"name":"(anonymous_8)","decl":{"start":{"line":71,"column":2},"end":{"line":71,"column":3}},"loc":{"start":{"line":71,"column":22},"end":{"line":79,"column":3}},"line":71},"9":{"name":"(anonymous_9)","decl":{"start":{"line":81,"column":2},"end":{"line":81,"column":3}},"loc":{"start":{"line":81,"column":21},"end":{"line":91,"column":3}},"line":81},"10":{"name":"(anonymous_10)","decl":{"start":{"line":93,"column":2},"end":{"line":93,"column":3}},"loc":{"start":{"line":93,"column":35},"end":{"line":103,"column":3}},"line":93}},"branchMap":{"0":{"loc":{"start":{"line":23,"column":14},"end":{"line":23,"column":74}},"type":"default-arg","locations":[{"start":{"line":23,"column":72},"end":{"line":23,"column":74}}],"line":23},"1":{"loc":{"start":{"line":32,"column":9},"end":{"line":32,"column":61}},"type":"default-arg","locations":[{"start":{"line":32,"column":59},"end":{"line":32,"column":61}}],"line":32},"2":{"loc":{"start":{"line":33,"column":17},"end":{"line":33,"column":36}},"type":"binary-expr","locations":[{"start":{"line":33,"column":17},"end":{"line":33,"column":22}},{"start":{"line":33,"column":26},"end":{"line":33,"column":36}}],"line":33},"3":{"loc":{"start":{"line":34,"column":16},"end":{"line":34,"column":33}},"type":"binary-expr","locations":[{"start":{"line":34,"column":16},"end":{"line":34,"column":20}},{"start":{"line":34,"column":24},"end":{"line":34,"column":33}}],"line":34},"4":{"loc":{"start":{"line":35,"column":22},"end":{"line":35,"column":51}},"type":"binary-expr","locations":[{"start":{"line":35,"column":22},"end":{"line":35,"column":32}},{"start":{"line":35,"column":36},"end":{"line":35,"column":51}}],"line":35},"5":{"loc":{"start":{"line":53,"column":6},"end":{"line":56,"column":7}},"type":"if","locations":[{"start":{"line":53,"column":6},"end":{"line":56,"column":7}},{"start":{},"end":{}}],"line":53},"6":{"loc":{"start":{"line":63,"column":6},"end":{"line":66,"column":7}},"type":"if","locations":[{"start":{"line":63,"column":6},"end":{"line":66,"column":7}},{"start":{},"end":{}}],"line":63},"7":{"loc":{"start":{"line":73,"column":6},"end":{"line":76,"column":7}},"type":"if","locations":[{"start":{"line":73,"column":6},"end":{"line":76,"column":7}},{"start":{},"end":{}}],"line":73},"8":{"loc":{"start":{"line":85,"column":6},"end":{"line":88,"column":7}},"type":"if","locations":[{"start":{"line":85,"column":6},"end":{"line":88,"column":7}},{"start":{},"end":{}}],"line":85}},"s":{"0":7,"1":7,"2":7,"3":7,"4":7,"5":7,"6":0,"7":0,"8":0,"9":0,"10":0,"11":0,"12":0,"13":0,"14":0,"15":0,"16":0,"17":0,"18":0,"19":0,"20":0,"21":0,"22":0,"23":0,"24":0,"25":0,"26":0,"27":0,"28":0,"29":0,"30":0,"31":0,"32":0,"33":0,"34":7,"35":7,"36":7,"37":10,"38":7},"f":{"0":7,"1":0,"2":0,"3":0,"4":0,"5":0,"6":0,"7":0,"8":0,"9":0,"10":7},"b":{"0":[2],"1":[0],"2":[0,0],"3":[0,0],"4":[0,0],"5":[0,0],"6":[0,0],"7":[0,0],"8":[0,0]},"_coverageSchema":"1a1c01bbd47fc00a2c39e90264f33305004495a9","hash":"8ce1067ce642d29027cbb0604673b43baf02d326"}
,"/Users/nana/Desktop/y2/soft_dev/codebase/pms/src/Manage.ts": {"path":"/Users/nana/Desktop/y2/soft_dev/codebase/pms/src/Manage.ts","statementMap":{"0":{"start":{"line":10,"column":4},"end":{"line":10,"column":15}},"1":{"start":{"line":14,"column":4},"end":{"line":27,"column":5}},"2":{"start":{"line":15,"column":6},"end":{"line":24,"column":9}},"3":{"start":{"line":16,"column":8},"end":{"line":23,"column":43}},"4":{"start":{"line":22,"column":22},"end":{"line":22,"column":35}},"5":{"start":{"line":23,"column":28},"end":{"line":23,"column":41}},"6":{"start":{"line":26,"column":6},"end":{"line":26,"column":30}},"7":{"start":{"line":31,"column":4},"end":{"line":43,"column":5}},"8":{"start":{"line":32,"column":6},"end":{"line":40,"column":9}},"9":{"start":{"line":33,"column":8},"end":{"line":39,"column":43}},"10":{"start":{"line":38,"column":25},"end":{"line":38,"column":58}},"11":{"start":{"line":39,"column":28},"end":{"line":39,"column":41}},"12":{"start":{"line":42,"column":6},"end":{"line":42,"column":30}},"13":{"start":{"line":47,"column":4},"end":{"line":55,"column":7}},"14":{"start":{"line":48,"column":6},"end":{"line":54,"column":41}},"15":{"start":{"line":53,"column":23},"end":{"line":53,"column":56}},"16":{"start":{"line":54,"column":26},"end":{"line":54,"column":39}},"17":{"start":{"line":59,"column":4},"end":{"line":68,"column":7}},"18":{"start":{"line":60,"column":6},"end":{"line":67,"column":41}},"19":{"start":{"line":66,"column":23},"end":{"line":66,"column":56}},"20":{"start":{"line":67,"column":26},"end":{"line":67,"column":39}},"21":{"start":{"line":72,"column":4},"end":{"line":80,"column":7}},"22":{"start":{"line":73,"column":6},"end":{"line":79,"column":41}},"23":{"start":{"line":78,"column":23},"end":{"line":78,"column":56}},"24":{"start":{"line":79,"column":26},"end":{"line":79,"column":39}},"25":{"start":{"line":84,"column":4},"end":{"line":93,"column":7}},"26":{"start":{"line":85,"column":6},"end":{"line":92,"column":41}},"27":{"start":{"line":91,"column":20},"end":{"line":91,"column":33}},"28":{"start":{"line":92,"column":26},"end":{"line":92,"column":39}}},"fnMap":{"0":{"name":"(anonymous_0)","decl":{"start":{"line":9,"column":2},"end":{"line":9,"column":3}},"loc":{"start":{"line":9,"column":27},"end":{"line":11,"column":3}},"line":9},"1":{"name":"(anonymous_1)","decl":{"start":{"line":13,"column":2},"end":{"line":13,"column":3}},"loc":{"start":{"line":13,"column":27},"end":{"line":28,"column":3}},"line":13},"2":{"name":"(anonymous_2)","decl":{"start":{"line":15,"column":34},"end":{"line":15,"column":35}},"loc":{"start":{"line":15,"column":55},"end":{"line":24,"column":7}},"line":15},"3":{"name":"(anonymous_3)","decl":{"start":{"line":22,"column":16},"end":{"line":22,"column":17}},"loc":{"start":{"line":22,"column":22},"end":{"line":22,"column":35}},"line":22},"4":{"name":"(anonymous_4)","decl":{"start":{"line":23,"column":17},"end":{"line":23,"column":18}},"loc":{"start":{"line":23,"column":28},"end":{"line":23,"column":41}},"line":23},"5":{"name":"(anonymous_5)","decl":{"start":{"line":30,"column":2},"end":{"line":30,"column":3}},"loc":{"start":{"line":30,"column":22},"end":{"line":44,"column":3}},"line":30},"6":{"name":"(anonymous_6)","decl":{"start":{"line":32,"column":28},"end":{"line":32,"column":29}},"loc":{"start":{"line":32,"column":49},"end":{"line":40,"column":7}},"line":32},"7":{"name":"(anonymous_7)","decl":{"start":{"line":38,"column":16},"end":{"line":38,"column":17}},"loc":{"start":{"line":38,"column":25},"end":{"line":38,"column":58}},"line":38},"8":{"name":"(anonymous_8)","decl":{"start":{"line":39,"column":17},"end":{"line":39,"column":18}},"loc":{"start":{"line":39,"column":28},"end":{"line":39,"column":41}},"line":39},"9":{"name":"(anonymous_9)","decl":{"start":{"line":46,"column":2},"end":{"line":46,"column":3}},"loc":{"start":{"line":46,"column":22},"end":{"line":56,"column":3}},"line":46},"10":{"name":"(anonymous_10)","decl":{"start":{"line":47,"column":26},"end":{"line":47,"column":27}},"loc":{"start":{"line":47,"column":47},"end":{"line":55,"column":5}},"line":47},"11":{"name":"(anonymous_11)","decl":{"start":{"line":53,"column":14},"end":{"line":53,"column":15}},"loc":{"start":{"line":53,"column":23},"end":{"line":53,"column":56}},"line":53},"12":{"name":"(anonymous_12)","decl":{"start":{"line":54,"column":15},"end":{"line":54,"column":16}},"loc":{"start":{"line":54,"column":26},"end":{"line":54,"column":39}},"line":54},"13":{"name":"(anonymous_13)","decl":{"start":{"line":58,"column":2},"end":{"line":58,"column":3}},"loc":{"start":{"line":58,"column":38},"end":{"line":69,"column":3}},"line":58},"14":{"name":"(anonymous_14)","decl":{"start":{"line":59,"column":26},"end":{"line":59,"column":27}},"loc":{"start":{"line":59,"column":47},"end":{"line":68,"column":5}},"line":59},"15":{"name":"(anonymous_15)","decl":{"start":{"line":66,"column":14},"end":{"line":66,"column":15}},"loc":{"start":{"line":66,"column":23},"end":{"line":66,"column":56}},"line":66},"16":{"name":"(anonymous_16)","decl":{"start":{"line":67,"column":15},"end":{"line":67,"column":16}},"loc":{"start":{"line":67,"column":26},"end":{"line":67,"column":39}},"line":67},"17":{"name":"(anonymous_17)","decl":{"start":{"line":71,"column":2},"end":{"line":71,"column":3}},"loc":{"start":{"line":71,"column":28},"end":{"line":81,"column":3}},"line":71},"18":{"name":"(anonymous_18)","decl":{"start":{"line":72,"column":26},"end":{"line":72,"column":27}},"loc":{"start":{"line":72,"column":47},"end":{"line":80,"column":5}},"line":72},"19":{"name":"(anonymous_19)","decl":{"start":{"line":78,"column":14},"end":{"line":78,"column":15}},"loc":{"start":{"line":78,"column":23},"end":{"line":78,"column":56}},"line":78},"20":{"name":"(anonymous_20)","decl":{"start":{"line":79,"column":15},"end":{"line":79,"column":16}},"loc":{"start":{"line":79,"column":26},"end":{"line":79,"column":39}},"line":79},"21":{"name":"(anonymous_21)","decl":{"start":{"line":83,"column":2},"end":{"line":83,"column":3}},"loc":{"start":{"line":83,"column":28},"end":{"line":94,"column":3}},"line":83},"22":{"name":"(anonymous_22)","decl":{"start":{"line":84,"column":32},"end":{"line":84,"column":33}},"loc":{"start":{"line":84,"column":53},"end":{"line":93,"column":5}},"line":84},"23":{"name":"(anonymous_23)","decl":{"start":{"line":91,"column":14},"end":{"line":91,"column":15}},"loc":{"start":{"line":91,"column":20},"end":{"line":91,"column":33}},"line":91},"24":{"name":"(anonymous_24)","decl":{"start":{"line":92,"column":15},"end":{"line":92,"column":16}},"loc":{"start":{"line":92,"column":26},"end":{"line":92,"column":39}},"line":92}},"branchMap":{"0":{"loc":{"start":{"line":14,"column":4},"end":{"line":27,"column":5}},"type":"if","locations":[{"start":{"line":14,"column":4},"end":{"line":27,"column":5}},{"start":{"line":25,"column":11},"end":{"line":27,"column":5}}],"line":14},"1":{"loc":{"start":{"line":31,"column":4},"end":{"line":43,"column":5}},"type":"if","locations":[{"start":{"line":31,"column":4},"end":{"line":43,"column":5}},{"start":{"line":41,"column":11},"end":{"line":43,"column":5}}],"line":31},"2":{"loc":{"start":{"line":31,"column":8},"end":{"line":31,"column":63}},"type":"binary-expr","locations":[{"start":{"line":31,"column":8},"end":{"line":31,"column":33}},{"start":{"line":31,"column":37},"end":{"line":31,"column":63}}],"line":31}},"s":{"0":55,"1":0,"2":0,"3":0,"4":0,"5":0,"6":0,"7":0,"8":0,"9":0,"10":0,"11":0,"12":0,"13":0,"14":0,"15":0,"16":0,"17":0,"18":0,"19":0,"20":0,"21":0,"22":0,"23":0,"24":0,"25":0,"26":0,"27":0,"28":0},"f":{"0":55,"1":0,"2":0,"3":0,"4":0,"5":0,"6":0,"7":0,"8":0,"9":0,"10":0,"11":0,"12":0,"13":0,"14":0,"15":0,"16":0,"17":0,"18":0,"19":0,"20":0,"21":0,"22":0,"23":0,"24":0},"b":{"0":[0,0],"1":[0,0],"2":[0,0]},"_coverageSchema":"1a1c01bbd47fc00a2c39e90264f33305004495a9","hash":"52e145418ff6b7d93bc6dadaf9deddfc7952e7e9"}
,"/Users/nana/Desktop/y2/soft_dev/codebase/pms/src/Message.ts": {"path":"/Users/nana/Desktop/y2/soft_dev/codebase/pms/src/Message.ts","statementMap":{"0":{"start":{"line":32,"column":4},"end":{"line":32,"column":15}},"1":{"start":{"line":33,"column":4},"end":{"line":33,"column":26}},"2":{"start":{"line":34,"column":4},"end":{"line":34,"column":31}},"3":{"start":{"line":35,"column":4},"end":{"line":35,"column":35}},"4":{"start":{"line":36,"column":4},"end":{"line":36,"column":33}},"5":{"start":{"line":37,"column":4},"end":{"line":37,"column":23}},"6":{"start":{"line":38,"column":4},"end":{"line":38,"column":27}},"7":{"start":{"line":39,"column":4},"end":{"line":39,"column":30}},"8":{"start":{"line":40,"column":4},"end":{"line":40,"column":43}},"9":{"start":{"line":44,"column":4},"end":{"line":44,"column":37}},"10":{"start":{"line":45,"column":4},"end":{"line":45,"column":48}},"11":{"start":{"line":49,"column":17},"end":{"line":49,"column":19}},"12":{"start":{"line":50,"column":4},"end":{"line":60,"column":5}},"13":{"start":{"line":50,"column":17},"end":{"line":50,"column":18}},"14":{"start":{"line":51,"column":6},"end":{"line":59,"column":8}},"15":{"start":{"line":61,"column":4},"end":{"line":61,"column":31}}},"fnMap":{"0":{"name":"(anonymous_0)","decl":{"start":{"line":23,"column":2},"end":{"line":23,"column":3}},"loc":{"start":{"line":31,"column":34},"end":{"line":41,"column":3}},"line":31},"1":{"name":"(anonymous_1)","decl":{"start":{"line":43,"column":2},"end":{"line":43,"column":3}},"loc":{"start":{"line":43,"column":49},"end":{"line":46,"column":3}},"line":43},"2":{"name":"(anonymous_2)","decl":{"start":{"line":48,"column":2},"end":{"line":48,"column":3}},"loc":{"start":{"line":48,"column":9},"end":{"line":62,"column":3}},"line":48}},"branchMap":{"0":{"loc":{"start":{"line":23,"column":14},"end":{"line":31,"column":32}},"type":"default-arg","locations":[{"start":{"line":31,"column":30},"end":{"line":31,"column":32}}],"line":23},"1":{"loc":{"start":{"line":43,"column":9},"end":{"line":43,"column":47}},"type":"default-arg","locations":[{"start":{"line":43,"column":45},"end":{"line":43,"column":47}}],"line":43},"2":{"loc":{"start":{"line":44,"column":17},"end":{"line":44,"column":36}},"type":"binary-expr","locations":[{"start":{"line":44,"column":17},"end":{"line":44,"column":22}},{"start":{"line":44,"column":26},"end":{"line":44,"column":36}}],"line":44}},"s":{"0":11,"1":11,"2":11,"3":11,"4":11,"5":11,"6":11,"7":11,"8":11,"9":0,"10":0,"11":0,"12":0,"13":0,"14":0,"15":0},"f":{"0":11,"1":0,"2":0},"b":{"0":[2],"1":[0],"2":[0,0]},"_coverageSchema":"1a1c01bbd47fc00a2c39e90264f33305004495a9","hash":"76542eb54310f94aaf097b0d59e530fb2d4690d7"}
,"/Users/nana/Desktop/y2/soft_dev/codebase/pms/src/Notification.ts": {"path":"/Users/nana/Desktop/y2/soft_dev/codebase/pms/src/Notification.ts","statementMap":{"0":{"start":{"line":17,"column":4},"end":{"line":17,"column":15}},"1":{"start":{"line":18,"column":4},"end":{"line":18,"column":31}},"2":{"start":{"line":19,"column":4},"end":{"line":19,"column":27}},"3":{"start":{"line":20,"column":4},"end":{"line":20,"column":35}},"4":{"start":{"line":24,"column":4},"end":{"line":24,"column":37}},"5":{"start":{"line":25,"column":4},"end":{"line":25,"column":53}},"6":{"start":{"line":29,"column":4},"end":{"line":29,"column":49}},"7":{"start":{"line":30,"column":4},"end":{"line":30,"column":37}}},"fnMap":{"0":{"name":"(anonymous_0)","decl":{"start":{"line":16,"column":2},"end":{"line":16,"column":3}},"loc":{"start":{"line":16,"column":77},"end":{"line":21,"column":3}},"line":16},"1":{"name":"(anonymous_1)","decl":{"start":{"line":23,"column":2},"end":{"line":23,"column":3}},"loc":{"start":{"line":23,"column":54},"end":{"line":26,"column":3}},"line":23},"2":{"name":"(anonymous_2)","decl":{"start":{"line":28,"column":2},"end":{"line":28,"column":3}},"loc":{"start":{"line":28,"column":9},"end":{"line":31,"column":3}},"line":28}},"branchMap":{"0":{"loc":{"start":{"line":16,"column":14},"end":{"line":16,"column":75}},"type":"default-arg","locations":[{"start":{"line":16,"column":73},"end":{"line":16,"column":75}}],"line":16},"1":{"loc":{"start":{"line":23,"column":9},"end":{"line":23,"column":52}},"type":"default-arg","locations":[{"start":{"line":23,"column":50},"end":{"line":23,"column":52}}],"line":23},"2":{"loc":{"start":{"line":24,"column":17},"end":{"line":24,"column":36}},"type":"binary-expr","locations":[{"start":{"line":24,"column":17},"end":{"line":24,"column":22}},{"start":{"line":24,"column":26},"end":{"line":24,"column":36}}],"line":24}},"s":{"0":6,"1":6,"2":6,"3":6,"4":0,"5":0,"6":0,"7":0},"f":{"0":6,"1":0,"2":0},"b":{"0":[2],"1":[0],"2":[0,0]},"_coverageSchema":"1a1c01bbd47fc00a2c39e90264f33305004495a9","hash":"93d5efd9fae764e612b2dd92503329eb5a60bcbc"}
,"/Users/nana/Desktop/y2/soft_dev/codebase/pms/src/Payment.ts": {"path":"/Users/nana/Desktop/y2/soft_dev/codebase/pms/src/Payment.ts","statementMap":{"0":{"start":{"line":36,"column":4},"end":{"line":36,"column":15}},"1":{"start":{"line":37,"column":4},"end":{"line":37,"column":31}},"2":{"start":{"line":38,"column":4},"end":{"line":38,"column":21}},"3":{"start":{"line":39,"column":4},"end":{"line":39,"column":19}},"4":{"start":{"line":40,"column":4},"end":{"line":40,"column":19}},"5":{"start":{"line":41,"column":4},"end":{"line":41,"column":40}},"6":{"start":{"line":42,"column":4},"end":{"line":42,"column":34}},"7":{"start":{"line":43,"column":4},"end":{"line":43,"column":30}},"8":{"start":{"line":47,"column":4},"end":{"line":47,"column":34}},"9":{"start":{"line":48,"column":4},"end":{"line":48,"column":31}},"10":{"start":{"line":49,"column":4},"end":{"line":49,"column":31}},"11":{"start":{"line":50,"column":4},"end":{"line":50,"column":31}},"12":{"start":{"line":51,"column":4},"end":{"line":51,"column":48}},"13":{"start":{"line":55,"column":4},"end":{"line":55,"column":32}},"14":{"start":{"line":59,"column":4},"end":{"line":59,"column":38}},"15":{"start":{"line":60,"column":4},"end":{"line":60,"column":49}},"16":{"start":{"line":64,"column":4},"end":{"line":64,"column":38}},"17":{"start":{"line":65,"column":4},"end":{"line":65,"column":50}}},"fnMap":{"0":{"name":"(anonymous_0)","decl":{"start":{"line":28,"column":2},"end":{"line":28,"column":3}},"loc":{"start":{"line":35,"column":34},"end":{"line":44,"column":3}},"line":35},"1":{"name":"(anonymous_1)","decl":{"start":{"line":46,"column":2},"end":{"line":46,"column":3}},"loc":{"start":{"line":46,"column":63},"end":{"line":52,"column":3}},"line":46},"2":{"name":"(anonymous_2)","decl":{"start":{"line":54,"column":2},"end":{"line":54,"column":3}},"loc":{"start":{"line":54,"column":13},"end":{"line":56,"column":3}},"line":54},"3":{"name":"(anonymous_3)","decl":{"start":{"line":58,"column":2},"end":{"line":58,"column":3}},"loc":{"start":{"line":58,"column":10},"end":{"line":61,"column":3}},"line":58},"4":{"name":"(anonymous_4)","decl":{"start":{"line":63,"column":2},"end":{"line":63,"column":3}},"loc":{"start":{"line":63,"column":11},"end":{"line":66,"column":3}},"line":63}},"branchMap":{"0":{"loc":{"start":{"line":28,"column":14},"end":{"line":35,"column":32}},"type":"default-arg","locations":[{"start":{"line":35,"column":30},"end":{"line":35,"column":32}}],"line":28},"1":{"loc":{"start":{"line":46,"column":9},"end":{"line":46,"column":61}},"type":"default-arg","locations":[{"start":{"line":46,"column":59},"end":{"line":46,"column":61}}],"line":46},"2":{"loc":{"start":{"line":47,"column":16},"end":{"line":47,"column":33}},"type":"binary-expr","locations":[{"start":{"line":47,"column":16},"end":{"line":47,"column":20}},{"start":{"line":47,"column":24},"end":{"line":47,"column":33}}],"line":47},"3":{"loc":{"start":{"line":48,"column":15},"end":{"line":48,"column":30}},"type":"binary-expr","locations":[{"start":{"line":48,"column":15},"end":{"line":48,"column":18}},{"start":{"line":48,"column":22},"end":{"line":48,"column":30}}],"line":48},"4":{"loc":{"start":{"line":49,"column":15},"end":{"line":49,"column":30}},"type":"binary-expr","locations":[{"start":{"line":49,"column":15},"end":{"line":49,"column":18}},{"start":{"line":49,"column":22},"end":{"line":49,"column":30}}],"line":49},"5":{"loc":{"start":{"line":50,"column":15},"end":{"line":50,"column":30}},"type":"binary-expr","locations":[{"start":{"line":50,"column":15},"end":{"line":50,"column":18}},{"start":{"line":50,"column":22},"end":{"line":50,"column":30}}],"line":50}},"s":{"0":9,"1":9,"2":9,"3":9,"4":9,"5":9,"6":9,"7":9,"8":0,"9":0,"10":0,"11":0,"12":0,"13":0,"14":0,"15":0,"16":0,"17":0},"f":{"0":9,"1":0,"2":0,"3":0,"4":0},"b":{"0":[2],"1":[0],"2":[0,0],"3":[0,0],"4":[0,0],"5":[0,0]},"_coverageSchema":"1a1c01bbd47fc00a2c39e90264f33305004495a9","hash":"c7bb8f018cdbacdc237b74ddc3a6434deff54f88"}
,"/Users/nana/Desktop/y2/soft_dev/codebase/pms/src/Request.ts": {"path":"/Users/nana/Desktop/y2/soft_dev/codebase/pms/src/Request.ts","statementMap":{"0":{"start":{"line":36,"column":4},"end":{"line":36,"column":15}},"1":{"start":{"line":37,"column":4},"end":{"line":37,"column":25}},"2":{"start":{"line":38,"column":4},"end":{"line":38,"column":33}},"3":{"start":{"line":39,"column":4},"end":{"line":39,"column":35}},"4":{"start":{"line":40,"column":4},"end":{"line":40,"column":53}},"5":{"start":{"line":41,"column":4},"end":{"line":41,"column":30}},"6":{"start":{"line":42,"column":4},"end":{"line":42,"column":44}},"7":{"start":{"line":43,"column":4},"end":{"line":43,"column":40}},"8":{"start":{"line":47,"column":4},"end":{"line":47,"column":37}},"9":{"start":{"line":48,"column":4},"end":{"line":48,"column":48}},"10":{"start":{"line":52,"column":4},"end":{"line":52,"column":32}},"11":{"start":{"line":56,"column":4},"end":{"line":59,"column":6}},"12":{"start":{"line":63,"column":4},"end":{"line":63,"column":32}},"13":{"start":{"line":64,"column":4},"end":{"line":72,"column":7}},"14":{"start":{"line":65,"column":6},"end":{"line":71,"column":41}},"15":{"start":{"line":67,"column":10},"end":{"line":69,"column":60}},"16":{"start":{"line":69,"column":27},"end":{"line":69,"column":58}},"17":{"start":{"line":71,"column":26},"end":{"line":71,"column":39}}},"fnMap":{"0":{"name":"(anonymous_0)","decl":{"start":{"line":28,"column":2},"end":{"line":28,"column":3}},"loc":{"start":{"line":35,"column":34},"end":{"line":44,"column":3}},"line":35},"1":{"name":"(anonymous_1)","decl":{"start":{"line":46,"column":2},"end":{"line":46,"column":3}},"loc":{"start":{"line":46,"column":49},"end":{"line":49,"column":3}},"line":46},"2":{"name":"(anonymous_2)","decl":{"start":{"line":51,"column":2},"end":{"line":51,"column":3}},"loc":{"start":{"line":51,"column":9},"end":{"line":53,"column":3}},"line":51},"3":{"name":"(anonymous_3)","decl":{"start":{"line":55,"column":2},"end":{"line":55,"column":3}},"loc":{"start":{"line":55,"column":9},"end":{"line":60,"column":3}},"line":55},"4":{"name":"(anonymous_4)","decl":{"start":{"line":62,"column":2},"end":{"line":62,"column":3}},"loc":{"start":{"line":62,"column":12},"end":{"line":73,"column":3}},"line":62},"5":{"name":"(anonymous_5)","decl":{"start":{"line":64,"column":23},"end":{"line":64,"column":24}},"loc":{"start":{"line":64,"column":44},"end":{"line":72,"column":5}},"line":64},"6":{"name":"(anonymous_6)","decl":{"start":{"line":66,"column":14},"end":{"line":66,"column":15}},"loc":{"start":{"line":66,"column":27},"end":{"line":70,"column":9}},"line":66},"7":{"name":"(anonymous_7)","decl":{"start":{"line":69,"column":18},"end":{"line":69,"column":19}},"loc":{"start":{"line":69,"column":27},"end":{"line":69,"column":58}},"line":69},"8":{"name":"(anonymous_8)","decl":{"start":{"line":71,"column":15},"end":{"line":71,"column":16}},"loc":{"start":{"line":71,"column":26},"end":{"line":71,"column":39}},"line":71}},"branchMap":{"0":{"loc":{"start":{"line":28,"column":14},"end":{"line":35,"column":32}},"type":"default-arg","locations":[{"start":{"line":35,"column":30},"end":{"line":35,"column":32}}],"line":28},"1":{"loc":{"start":{"line":40,"column":20},"end":{"line":40,"column":52}},"type":"binary-expr","locations":[{"start":{"line":40,"column":20},"end":{"line":40,"column":28}},{"start":{"line":40,"column":32},"end":{"line":40,"column":52}}],"line":40},"2":{"loc":{"start":{"line":46,"column":9},"end":{"line":46,"column":47}},"type":"default-arg","locations":[{"start":{"line":46,"column":45},"end":{"line":46,"column":47}}],"line":46},"3":{"loc":{"start":{"line":47,"column":17},"end":{"line":47,"column":36}},"type":"binary-expr","locations":[{"start":{"line":47,"column":17},"end":{"line":47,"column":22}},{"start":{"line":47,"column":26},"end":{"line":47,"column":36}}],"line":47}},"s":{"0":9,"1":9,"2":9,"3":9,"4":9,"5":9,"6":9,"7":9,"8":0,"9":0,"10":0,"11":0,"12":0,"13":0,"14":0,"15":0,"16":0,"17":0},"f":{"0":9,"1":0,"2":0,"3":0,"4":0,"5":0,"6":0,"7":0,"8":0},"b":{"0":[2],"1":[9,9],"2":[0],"3":[0,0]},"_coverageSchema":"1a1c01bbd47fc00a2c39e90264f33305004495a9","hash":"a58cd8c3571b4c3a89eff423d93d9bdd878096e2"}
,"/Users/nana/Desktop/y2/soft_dev/codebase/pms/src/index.ts": {"path":"/Users/nana/Desktop/y2/soft_dev/codebase/pms/src/index.ts","statementMap":{},"fnMap":{},"branchMap":{},"s":{},"f":{},"b":{}}
,"/Users/nana/Desktop/y2/soft_dev/codebase/pms/src/vendors.ts": {"path":"/Users/nana/Desktop/y2/soft_dev/codebase/pms/src/vendors.ts","statementMap":{},"fnMap":{},"branchMap":{},"s":{},"f":{},"b":{},"_coverageSchema":"1a1c01bbd47fc00a2c39e90264f33305004495a9","hash":"f5e489aca64e3c5be10423048072b28e13a594bd"}
}
